2019-02-14 03:27:27.217  INFO 28724 --- [main] com.example.demo.DemoApplication         : Starting DemoApplication on helei-hI with PID 28724 (/home/oracle/Documents/demo001/target/classes started by oracal in /home/oracle/Documents/demo001)
2019-02-14 03:27:27.220  INFO 28724 --- [main] com.example.demo.DemoApplication         : No active profile set, falling back to default profiles: default
2019-02-14 03:27:28.182  INFO 28724 --- [main] .s.d.r.c.RepositoryConfigurationDelegate : Multiple Spring Data modules found, entering strict repository configuration mode!
2019-02-14 03:27:28.184  INFO 28724 --- [main] .s.d.r.c.RepositoryConfigurationDelegate : Bootstrapping Spring Data repositories in DEFAULT mode.
2019-02-14 03:27:28.199  INFO 28724 --- [main] .s.d.r.c.RepositoryConfigurationDelegate : Finished Spring Data repository scanning in 5ms. Found 0 repository interfaces.
2019-02-14 03:27:28.470  INFO 28724 --- [main] trationDelegate$BeanPostProcessorChecker : Bean 'org.springframework.transaction.annotation.ProxyTransactionManagementConfiguration' of type [org.springframework.transaction.annotation.ProxyTransactionManagementConfiguration$$EnhancerBySpringCGLIB$$1a67f934] is not eligible for getting processed by all BeanPostProcessors (for example: not eligible for auto-proxying)
2019-02-14 03:27:28.731  INFO 28724 --- [main] o.s.b.w.embedded.tomcat.TomcatWebServer  : Tomcat initialized with port(s): 8080 (http)
2019-02-14 03:27:28.758  INFO 28724 --- [main] o.apache.catalina.core.StandardService   : Starting service [Tomcat]
2019-02-14 03:27:28.759  INFO 28724 --- [main] org.apache.catalina.core.StandardEngine  : Starting Servlet engine: [Apache Tomcat/9.0.14]
2019-02-14 03:27:28.764  INFO 28724 --- [main] o.a.catalina.core.AprLifecycleListener   : The APR based Apache Tomcat Native library which allows optimal performance in production environments was not found on the java.library.path: [/usr/java/packages/lib:/usr/lib64:/lib64:/lib:/usr/lib]
2019-02-14 03:27:28.824  INFO 28724 --- [main] o.a.c.c.C.[Tomcat].[localhost].[/]       : Initializing Spring embedded WebApplicationContext
2019-02-14 03:27:28.824 DEBUG 28724 --- [main] o.s.web.context.ContextLoader            : Published root WebApplicationContext as ServletContext attribute with name [org.springframework.web.context.WebApplicationContext.ROOT]
2019-02-14 03:27:28.824  INFO 28724 --- [main] o.s.web.context.ContextLoader            : Root WebApplicationContext: initialization completed in 1549 ms
2019-02-14 03:27:28.919 DEBUG 28724 --- [main] o.s.w.s.handler.SimpleUrlHandlerMapping  : Patterns [/**/favicon.ico] in 'faviconHandlerMapping'
2019-02-14 03:27:29.077  INFO 28724 --- [main] o.s.s.concurrent.ThreadPoolTaskExecutor  : Initializing ExecutorService 'applicationTaskExecutor'
2019-02-14 03:27:29.087 DEBUG 28724 --- [main] s.w.s.m.m.a.RequestMappingHandlerAdapter : ControllerAdvice beans: 0 @ModelAttribute, 0 @InitBinder, 1 RequestBodyAdvice, 1 ResponseBodyAdvice
2019-02-14 03:27:29.122 DEBUG 28724 --- [main] s.w.s.m.m.a.RequestMappingHandlerMapping : 2 mappings in 'requestMappingHandlerMapping'
2019-02-14 03:27:29.132 DEBUG 28724 --- [main] o.s.w.s.handler.SimpleUrlHandlerMapping  : Patterns [/webjars/**, /**] in 'resourceHandlerMapping'
2019-02-14 03:27:29.143 DEBUG 28724 --- [main] .m.m.a.ExceptionHandlerExceptionResolver : ControllerAdvice beans: 0 @ExceptionHandler, 1 ResponseBodyAdvice
2019-02-14 03:27:29.163  WARN 28724 --- [main] ion$DefaultTemplateResolverConfiguration : Cannot find template location: classpath:/templates/ (please add some templates or check your Thymeleaf configuration)
2019-02-14 03:27:29.671  INFO 28724 --- [main] o.s.b.w.embedded.tomcat.TomcatWebServer  : Tomcat started on port(s): 8080 (http) with context path ''
2019-02-14 03:27:29.676  INFO 28724 --- [main] com.example.demo.DemoApplication         : Started DemoApplication in 3.026 seconds (JVM running for 3.87)
2019-02-14 03:31:53.925  INFO 28724 --- [Thread-2] o.s.s.concurrent.ThreadPoolTaskExecutor  : Shutting down ExecutorService 'applicationTaskExecutor'
2019-02-14 03:31:57.347  INFO 28995 --- [main] com.example.demo.DemoApplication         : Starting DemoApplication on helei-hI with PID 28995 (/home/oracle/Documents/demo001/target/classes started by oracal in /home/oracle/Documents/demo001)
2019-02-14 03:31:57.352  INFO 28995 --- [main] com.example.demo.DemoApplication         : No active profile set, falling back to default profiles: default
2019-02-14 03:31:58.380  INFO 28995 --- [main] .s.d.r.c.RepositoryConfigurationDelegate : Multiple Spring Data modules found, entering strict repository configuration mode!
2019-02-14 03:31:58.382  INFO 28995 --- [main] .s.d.r.c.RepositoryConfigurationDelegate : Bootstrapping Spring Data repositories in DEFAULT mode.
2019-02-14 03:31:58.395  INFO 28995 --- [main] .s.d.r.c.RepositoryConfigurationDelegate : Finished Spring Data repository scanning in 4ms. Found 0 repository interfaces.
2019-02-14 03:31:58.662  INFO 28995 --- [main] trationDelegate$BeanPostProcessorChecker : Bean 'org.springframework.transaction.annotation.ProxyTransactionManagementConfiguration' of type [org.springframework.transaction.annotation.ProxyTransactionManagementConfiguration$$EnhancerBySpringCGLIB$$a66e299e] is not eligible for getting processed by all BeanPostProcessors (for example: not eligible for auto-proxying)
2019-02-14 03:31:58.953  INFO 28995 --- [main] o.s.b.w.embedded.tomcat.TomcatWebServer  : Tomcat initialized with port(s): 8080 (http)
2019-02-14 03:31:58.975  INFO 28995 --- [main] o.apache.catalina.core.StandardService   : Starting service [Tomcat]
2019-02-14 03:31:58.976  INFO 28995 --- [main] org.apache.catalina.core.StandardEngine  : Starting Servlet engine: [Apache Tomcat/9.0.14]
2019-02-14 03:31:58.982  INFO 28995 --- [main] o.a.catalina.core.AprLifecycleListener   : The APR based Apache Tomcat Native library which allows optimal performance in production environments was not found on the java.library.path: [/usr/java/packages/lib:/usr/lib64:/lib64:/lib:/usr/lib]
2019-02-14 03:31:59.042  INFO 28995 --- [main] o.a.c.c.C.[Tomcat].[localhost].[/]       : Initializing Spring embedded WebApplicationContext
2019-02-14 03:31:59.042 DEBUG 28995 --- [main] o.s.web.context.ContextLoader            : Published root WebApplicationContext as ServletContext attribute with name [org.springframework.web.context.WebApplicationContext.ROOT]
2019-02-14 03:31:59.042  INFO 28995 --- [main] o.s.web.context.ContextLoader            : Root WebApplicationContext: initialization completed in 1649 ms
2019-02-14 03:31:59.137 DEBUG 28995 --- [main] o.s.w.s.handler.SimpleUrlHandlerMapping  : Patterns [/**/favicon.ico] in 'faviconHandlerMapping'
2019-02-14 03:31:59.309  INFO 28995 --- [main] o.s.s.concurrent.ThreadPoolTaskExecutor  : Initializing ExecutorService 'applicationTaskExecutor'
2019-02-14 03:31:59.320 DEBUG 28995 --- [main] s.w.s.m.m.a.RequestMappingHandlerAdapter : ControllerAdvice beans: 0 @ModelAttribute, 0 @InitBinder, 1 RequestBodyAdvice, 1 ResponseBodyAdvice
2019-02-14 03:31:59.355 DEBUG 28995 --- [main] s.w.s.m.m.a.RequestMappingHandlerMapping : 3 mappings in 'requestMappingHandlerMapping'
2019-02-14 03:31:59.364 DEBUG 28995 --- [main] o.s.w.s.handler.SimpleUrlHandlerMapping  : Patterns [/webjars/**, /**] in 'resourceHandlerMapping'
2019-02-14 03:31:59.374 DEBUG 28995 --- [main] .m.m.a.ExceptionHandlerExceptionResolver : ControllerAdvice beans: 0 @ExceptionHandler, 1 ResponseBodyAdvice
2019-02-14 03:31:59.396  WARN 28995 --- [main] ion$DefaultTemplateResolverConfiguration : Cannot find template location: classpath:/templates/ (please add some templates or check your Thymeleaf configuration)
2019-02-14 03:31:59.449  INFO 28995 --- [main] com.zaxxer.hikari.HikariDataSource       : HikariPool-1 - Starting...
2019-02-14 03:31:59.512  INFO 28995 --- [main] com.zaxxer.hikari.HikariDataSource       : HikariPool-1 - Start completed.
2019-02-14 03:32:00.003  INFO 28995 --- [main] o.s.b.w.embedded.tomcat.TomcatWebServer  : Tomcat started on port(s): 8080 (http) with context path ''
2019-02-14 03:32:00.008  INFO 28995 --- [main] com.example.demo.DemoApplication         : Started DemoApplication in 3.2 seconds (JVM running for 4.028)
2019-02-14 03:32:13.404  INFO 28995 --- [http-nio-8080-exec-1] o.a.c.c.C.[Tomcat].[localhost].[/]       : Initializing Spring DispatcherServlet 'dispatcherServlet'
2019-02-14 03:32:13.404  INFO 28995 --- [http-nio-8080-exec-1] o.s.web.servlet.DispatcherServlet        : Initializing Servlet 'dispatcherServlet'
2019-02-14 03:32:13.404 DEBUG 28995 --- [http-nio-8080-exec-1] o.s.web.servlet.DispatcherServlet        : Detected StandardServletMultipartResolver
2019-02-14 03:32:13.412 DEBUG 28995 --- [http-nio-8080-exec-1] o.s.web.servlet.DispatcherServlet        : enableLoggingRequestDetails='false': request parameters and headers will be masked to prevent unsafe logging of potentially sensitive data
2019-02-14 03:32:13.412  INFO 28995 --- [http-nio-8080-exec-1] o.s.web.servlet.DispatcherServlet        : Completed initialization in 8 ms
2019-02-14 03:32:13.418 DEBUG 28995 --- [http-nio-8080-exec-1] o.s.web.servlet.DispatcherServlet        : GET "/", parameters={}
2019-02-14 03:32:13.423 DEBUG 28995 --- [http-nio-8080-exec-1] o.s.w.s.handler.SimpleUrlHandlerMapping  : Mapped to ResourceHttpRequestHandler ["classpath:/META-INF/resources/", "classpath:/resources/", "classpath:/static/", "classpath:/public/", "/"]
2019-02-14 03:32:13.424 DEBUG 28995 --- [http-nio-8080-exec-1] o.s.w.s.r.ResourceHttpRequestHandler     : Resource not found
2019-02-14 03:32:13.424 DEBUG 28995 --- [http-nio-8080-exec-1] o.s.web.servlet.DispatcherServlet        : Completed 404 NOT_FOUND
2019-02-14 03:32:13.429 DEBUG 28995 --- [http-nio-8080-exec-1] o.s.web.servlet.DispatcherServlet        : "ERROR" dispatch for GET "/error", parameters={}
2019-02-14 03:32:13.447 DEBUG 28995 --- [http-nio-8080-exec-1] s.w.s.m.m.a.RequestMappingHandlerMapping : Mapped to public org.springframework.web.servlet.ModelAndView org.springframework.boot.autoconfigure.web.servlet.error.BasicErrorController.errorHtml(javax.servlet.http.HttpServletRequest,javax.servlet.http.HttpServletResponse)
2019-02-14 03:32:13.470 DEBUG 28995 --- [http-nio-8080-exec-1] o.s.w.s.v.ContentNegotiatingViewResolver : Selected 'text/html' given [text/html, text/html;q=0.8]
2019-02-14 03:32:13.474 DEBUG 28995 --- [http-nio-8080-exec-1] o.s.web.servlet.DispatcherServlet        : Exiting from "ERROR" dispatch, status 404
2019-02-14 03:32:13.523 DEBUG 28995 --- [http-nio-8080-exec-2] o.s.web.servlet.DispatcherServlet        : GET "/favicon.ico", parameters={}
2019-02-14 03:32:13.524 DEBUG 28995 --- [http-nio-8080-exec-2] o.s.w.s.handler.SimpleUrlHandlerMapping  : Mapped to ResourceHttpRequestHandler [class path resource [META-INF/resources/], class path resource [resources/], class path resource [static/], class path resource [public/], ServletContext resource [/], class path resource []]
2019-02-14 03:32:13.703 DEBUG 28995 --- [http-nio-8080-exec-2] o.s.web.servlet.DispatcherServlet        : Completed 200 OK
2019-02-14 03:32:19.819 DEBUG 28995 --- [http-nio-8080-exec-3] o.s.web.servlet.DispatcherServlet        : GET "/h2-comsole", parameters={}
2019-02-14 03:32:19.820 DEBUG 28995 --- [http-nio-8080-exec-3] o.s.w.s.handler.SimpleUrlHandlerMapping  : Mapped to ResourceHttpRequestHandler ["classpath:/META-INF/resources/", "classpath:/resources/", "classpath:/static/", "classpath:/public/", "/"]
2019-02-14 03:32:19.821 DEBUG 28995 --- [http-nio-8080-exec-3] o.s.w.s.r.ResourceHttpRequestHandler     : Resource not found
2019-02-14 03:32:19.821 DEBUG 28995 --- [http-nio-8080-exec-3] o.s.web.servlet.DispatcherServlet        : Completed 404 NOT_FOUND
2019-02-14 03:32:19.822 DEBUG 28995 --- [http-nio-8080-exec-3] o.s.web.servlet.DispatcherServlet        : "ERROR" dispatch for GET "/error", parameters={}
2019-02-14 03:32:19.823 DEBUG 28995 --- [http-nio-8080-exec-3] s.w.s.m.m.a.RequestMappingHandlerMapping : Mapped to public org.springframework.web.servlet.ModelAndView org.springframework.boot.autoconfigure.web.servlet.error.BasicErrorController.errorHtml(javax.servlet.http.HttpServletRequest,javax.servlet.http.HttpServletResponse)
2019-02-14 03:32:19.825 DEBUG 28995 --- [http-nio-8080-exec-3] o.s.w.s.v.ContentNegotiatingViewResolver : Selected 'text/html' given [text/html, text/html;q=0.8]
2019-02-14 03:32:19.826 DEBUG 28995 --- [http-nio-8080-exec-3] o.s.web.servlet.DispatcherServlet        : Exiting from "ERROR" dispatch, status 404
2019-02-14 03:35:35.742  INFO 28995 --- [Thread-3] com.zaxxer.hikari.HikariDataSource       : HikariPool-1 - Shutdown initiated...
2019-02-14 03:35:35.744  INFO 28995 --- [Thread-3] com.zaxxer.hikari.HikariDataSource       : HikariPool-1 - Shutdown completed.
2019-02-14 03:35:35.745  INFO 28995 --- [Thread-3] o.s.s.concurrent.ThreadPoolTaskExecutor  : Shutting down ExecutorService 'applicationTaskExecutor'
2019-02-14 03:35:41.435  INFO 29577 --- [main] com.example.demo.DemoApplication         : Starting DemoApplication on helei-hI with PID 29577 (/home/oracle/Documents/demo001/target/classes started by oracal in /home/oracle/Documents/demo001)
2019-02-14 03:35:41.439  INFO 29577 --- [main] com.example.demo.DemoApplication         : No active profile set, falling back to default profiles: default
2019-02-14 03:35:42.454  INFO 29577 --- [main] .s.d.r.c.RepositoryConfigurationDelegate : Multiple Spring Data modules found, entering strict repository configuration mode!
2019-02-14 03:35:42.455  INFO 29577 --- [main] .s.d.r.c.RepositoryConfigurationDelegate : Bootstrapping Spring Data repositories in DEFAULT mode.
2019-02-14 03:35:42.467  INFO 29577 --- [main] .s.d.r.c.RepositoryConfigurationDelegate : Finished Spring Data repository scanning in 4ms. Found 0 repository interfaces.
2019-02-14 03:35:42.727  INFO 29577 --- [main] trationDelegate$BeanPostProcessorChecker : Bean 'org.springframework.transaction.annotation.ProxyTransactionManagementConfiguration' of type [org.springframework.transaction.annotation.ProxyTransactionManagementConfiguration$$EnhancerBySpringCGLIB$$30051fe3] is not eligible for getting processed by all BeanPostProcessors (for example: not eligible for auto-proxying)
2019-02-14 03:35:42.996  INFO 29577 --- [main] o.s.b.w.embedded.tomcat.TomcatWebServer  : Tomcat initialized with port(s): 8080 (http)
2019-02-14 03:35:43.018  INFO 29577 --- [main] o.apache.catalina.core.StandardService   : Starting service [Tomcat]
2019-02-14 03:35:43.019  INFO 29577 --- [main] org.apache.catalina.core.StandardEngine  : Starting Servlet engine: [Apache Tomcat/9.0.14]
2019-02-14 03:35:43.024  INFO 29577 --- [main] o.a.catalina.core.AprLifecycleListener   : The APR based Apache Tomcat Native library which allows optimal performance in production environments was not found on the java.library.path: [/usr/java/packages/lib:/usr/lib64:/lib64:/lib:/usr/lib]
2019-02-14 03:35:43.084  INFO 29577 --- [main] o.a.c.c.C.[Tomcat].[localhost].[/]       : Initializing Spring embedded WebApplicationContext
2019-02-14 03:35:43.084 DEBUG 29577 --- [main] o.s.web.context.ContextLoader            : Published root WebApplicationContext as ServletContext attribute with name [org.springframework.web.context.WebApplicationContext.ROOT]
2019-02-14 03:35:43.084  INFO 29577 --- [main] o.s.web.context.ContextLoader            : Root WebApplicationContext: initialization completed in 1540 ms
2019-02-14 03:35:43.175 DEBUG 29577 --- [main] o.s.w.s.handler.SimpleUrlHandlerMapping  : Patterns [/**/favicon.ico] in 'faviconHandlerMapping'
2019-02-14 03:35:43.333  INFO 29577 --- [main] o.s.s.concurrent.ThreadPoolTaskExecutor  : Initializing ExecutorService 'applicationTaskExecutor'
2019-02-14 03:35:43.345 DEBUG 29577 --- [main] s.w.s.m.m.a.RequestMappingHandlerAdapter : ControllerAdvice beans: 0 @ModelAttribute, 0 @InitBinder, 1 RequestBodyAdvice, 1 ResponseBodyAdvice
2019-02-14 03:35:43.381 DEBUG 29577 --- [main] s.w.s.m.m.a.RequestMappingHandlerMapping : 3 mappings in 'requestMappingHandlerMapping'
2019-02-14 03:35:43.390 DEBUG 29577 --- [main] o.s.w.s.handler.SimpleUrlHandlerMapping  : Patterns [/webjars/**, /**] in 'resourceHandlerMapping'
2019-02-14 03:35:43.399 DEBUG 29577 --- [main] .m.m.a.ExceptionHandlerExceptionResolver : ControllerAdvice beans: 0 @ExceptionHandler, 1 ResponseBodyAdvice
2019-02-14 03:35:43.423  WARN 29577 --- [main] ion$DefaultTemplateResolverConfiguration : Cannot find template location: classpath:/templates/ (please add some templates or check your Thymeleaf configuration)
2019-02-14 03:35:43.473  INFO 29577 --- [main] com.zaxxer.hikari.HikariDataSource       : HikariPool-1 - Starting...
2019-02-14 03:35:43.539  INFO 29577 --- [main] com.zaxxer.hikari.HikariDataSource       : HikariPool-1 - Start completed.
2019-02-14 03:35:44.006  INFO 29577 --- [main] o.s.b.w.embedded.tomcat.TomcatWebServer  : Tomcat started on port(s): 8080 (http) with context path ''
2019-02-14 03:35:44.010  INFO 29577 --- [main] com.example.demo.DemoApplication         : Started DemoApplication in 3.151 seconds (JVM running for 4.028)
2019-02-14 03:38:01.385  INFO 29577 --- [Thread-3] com.zaxxer.hikari.HikariDataSource       : HikariPool-1 - Shutdown initiated...
2019-02-14 03:38:01.390  INFO 29577 --- [Thread-3] com.zaxxer.hikari.HikariDataSource       : HikariPool-1 - Shutdown completed.
2019-02-14 03:38:01.391  INFO 29577 --- [Thread-3] o.s.s.concurrent.ThreadPoolTaskExecutor  : Shutting down ExecutorService 'applicationTaskExecutor'
2019-02-14 03:38:03.772  INFO 29780 --- [main] com.example.demo.DemoApplication         : Starting DemoApplication on helei-hI with PID 29780 (/home/oracle/Documents/demo001/target/classes started by oracal in /home/oracle/Documents/demo001)
2019-02-14 03:38:03.776  INFO 29780 --- [main] com.example.demo.DemoApplication         : No active profile set, falling back to default profiles: default
2019-02-14 03:38:04.698  INFO 29780 --- [main] .s.d.r.c.RepositoryConfigurationDelegate : Multiple Spring Data modules found, entering strict repository configuration mode!
2019-02-14 03:38:04.699  INFO 29780 --- [main] .s.d.r.c.RepositoryConfigurationDelegate : Bootstrapping Spring Data repositories in DEFAULT mode.
2019-02-14 03:38:04.715  INFO 29780 --- [main] .s.d.r.c.RepositoryConfigurationDelegate : Finished Spring Data repository scanning in 7ms. Found 0 repository interfaces.
2019-02-14 03:38:04.977  INFO 29780 --- [main] trationDelegate$BeanPostProcessorChecker : Bean 'org.springframework.transaction.annotation.ProxyTransactionManagementConfiguration' of type [org.springframework.transaction.annotation.ProxyTransactionManagementConfiguration$$EnhancerBySpringCGLIB$$3b2ac126] is not eligible for getting processed by all BeanPostProcessors (for example: not eligible for auto-proxying)
2019-02-14 03:38:05.248  INFO 29780 --- [main] o.s.b.w.embedded.tomcat.TomcatWebServer  : Tomcat initialized with port(s): 8080 (http)
2019-02-14 03:38:05.271  INFO 29780 --- [main] o.apache.catalina.core.StandardService   : Starting service [Tomcat]
2019-02-14 03:38:05.272  INFO 29780 --- [main] org.apache.catalina.core.StandardEngine  : Starting Servlet engine: [Apache Tomcat/9.0.14]
2019-02-14 03:38:05.278  INFO 29780 --- [main] o.a.catalina.core.AprLifecycleListener   : The APR based Apache Tomcat Native library which allows optimal performance in production environments was not found on the java.library.path: [/usr/java/packages/lib:/usr/lib64:/lib64:/lib:/usr/lib]
2019-02-14 03:38:05.336  INFO 29780 --- [main] o.a.c.c.C.[Tomcat].[localhost].[/]       : Initializing Spring embedded WebApplicationContext
2019-02-14 03:38:05.336 DEBUG 29780 --- [main] o.s.web.context.ContextLoader            : Published root WebApplicationContext as ServletContext attribute with name [org.springframework.web.context.WebApplicationContext.ROOT]
2019-02-14 03:38:05.336  INFO 29780 --- [main] o.s.web.context.ContextLoader            : Root WebApplicationContext: initialization completed in 1518 ms
2019-02-14 03:38:05.424 DEBUG 29780 --- [main] o.s.w.s.handler.SimpleUrlHandlerMapping  : Patterns [/**/favicon.ico] in 'faviconHandlerMapping'
2019-02-14 03:38:05.572  INFO 29780 --- [main] o.s.s.concurrent.ThreadPoolTaskExecutor  : Initializing ExecutorService 'applicationTaskExecutor'
2019-02-14 03:38:05.584 DEBUG 29780 --- [main] s.w.s.m.m.a.RequestMappingHandlerAdapter : ControllerAdvice beans: 0 @ModelAttribute, 0 @InitBinder, 1 RequestBodyAdvice, 1 ResponseBodyAdvice
2019-02-14 03:38:05.620 DEBUG 29780 --- [main] s.w.s.m.m.a.RequestMappingHandlerMapping : 3 mappings in 'requestMappingHandlerMapping'
2019-02-14 03:38:05.629 DEBUG 29780 --- [main] o.s.w.s.handler.SimpleUrlHandlerMapping  : Patterns [/webjars/**, /**] in 'resourceHandlerMapping'
2019-02-14 03:38:05.639 DEBUG 29780 --- [main] .m.m.a.ExceptionHandlerExceptionResolver : ControllerAdvice beans: 0 @ExceptionHandler, 1 ResponseBodyAdvice
2019-02-14 03:38:05.661  WARN 29780 --- [main] ion$DefaultTemplateResolverConfiguration : Cannot find template location: classpath:/templates/ (please add some templates or check your Thymeleaf configuration)
2019-02-14 03:38:05.708  INFO 29780 --- [main] com.zaxxer.hikari.HikariDataSource       : HikariPool-1 - Starting...
2019-02-14 03:38:05.767  INFO 29780 --- [main] com.zaxxer.hikari.HikariDataSource       : HikariPool-1 - Start completed.
2019-02-14 03:38:06.231  INFO 29780 --- [main] o.s.b.w.embedded.tomcat.TomcatWebServer  : Tomcat started on port(s): 8080 (http) with context path ''
2019-02-14 03:38:06.234  INFO 29780 --- [main] com.example.demo.DemoApplication         : Started DemoApplication in 3.028 seconds (JVM running for 3.85)
2019-02-14 03:40:10.340  INFO 29780 --- [Thread-3] com.zaxxer.hikari.HikariDataSource       : HikariPool-1 - Shutdown initiated...
2019-02-14 03:40:10.344  INFO 29780 --- [Thread-3] com.zaxxer.hikari.HikariDataSource       : HikariPool-1 - Shutdown completed.
2019-02-14 03:40:10.345  INFO 29780 --- [Thread-3] o.s.s.concurrent.ThreadPoolTaskExecutor  : Shutting down ExecutorService 'applicationTaskExecutor'
2019-02-14 03:40:12.672  INFO 29972 --- [main] com.example.demo.DemoApplication         : Starting DemoApplication on helei-hI with PID 29972 (/home/oracle/Documents/demo001/target/classes started by oracal in /home/oracle/Documents/demo001)
2019-02-14 03:40:12.677  INFO 29972 --- [main] com.example.demo.DemoApplication         : No active profile set, falling back to default profiles: default
2019-02-14 03:40:13.625  INFO 29972 --- [main] .s.d.r.c.RepositoryConfigurationDelegate : Multiple Spring Data modules found, entering strict repository configuration mode!
2019-02-14 03:40:13.627  INFO 29972 --- [main] .s.d.r.c.RepositoryConfigurationDelegate : Bootstrapping Spring Data repositories in DEFAULT mode.
2019-02-14 03:40:13.641  INFO 29972 --- [main] .s.d.r.c.RepositoryConfigurationDelegate : Finished Spring Data repository scanning in 5ms. Found 0 repository interfaces.
2019-02-14 03:40:13.903  INFO 29972 --- [main] trationDelegate$BeanPostProcessorChecker : Bean 'org.springframework.transaction.annotation.ProxyTransactionManagementConfiguration' of type [org.springframework.transaction.annotation.ProxyTransactionManagementConfiguration$$EnhancerBySpringCGLIB$$fa220e66] is not eligible for getting processed by all BeanPostProcessors (for example: not eligible for auto-proxying)
2019-02-14 03:40:14.174  INFO 29972 --- [main] o.s.b.w.embedded.tomcat.TomcatWebServer  : Tomcat initialized with port(s): 8080 (http)
2019-02-14 03:40:14.197  INFO 29972 --- [main] o.apache.catalina.core.StandardService   : Starting service [Tomcat]
2019-02-14 03:40:14.197  INFO 29972 --- [main] org.apache.catalina.core.StandardEngine  : Starting Servlet engine: [Apache Tomcat/9.0.14]
2019-02-14 03:40:14.204  INFO 29972 --- [main] o.a.catalina.core.AprLifecycleListener   : The APR based Apache Tomcat Native library which allows optimal performance in production environments was not found on the java.library.path: [/usr/java/packages/lib:/usr/lib64:/lib64:/lib:/usr/lib]
2019-02-14 03:40:14.263  INFO 29972 --- [main] o.a.c.c.C.[Tomcat].[localhost].[/]       : Initializing Spring embedded WebApplicationContext
2019-02-14 03:40:14.264 DEBUG 29972 --- [main] o.s.web.context.ContextLoader            : Published root WebApplicationContext as ServletContext attribute with name [org.springframework.web.context.WebApplicationContext.ROOT]
2019-02-14 03:40:14.264  INFO 29972 --- [main] o.s.web.context.ContextLoader            : Root WebApplicationContext: initialization completed in 1526 ms
2019-02-14 03:40:14.359 DEBUG 29972 --- [main] o.s.w.s.handler.SimpleUrlHandlerMapping  : Patterns [/**/favicon.ico] in 'faviconHandlerMapping'
2019-02-14 03:40:14.502  INFO 29972 --- [main] o.s.s.concurrent.ThreadPoolTaskExecutor  : Initializing ExecutorService 'applicationTaskExecutor'
2019-02-14 03:40:14.514 DEBUG 29972 --- [main] s.w.s.m.m.a.RequestMappingHandlerAdapter : ControllerAdvice beans: 0 @ModelAttribute, 0 @InitBinder, 1 RequestBodyAdvice, 1 ResponseBodyAdvice
2019-02-14 03:40:14.549 DEBUG 29972 --- [main] s.w.s.m.m.a.RequestMappingHandlerMapping : 3 mappings in 'requestMappingHandlerMapping'
2019-02-14 03:40:14.559 DEBUG 29972 --- [main] o.s.w.s.handler.SimpleUrlHandlerMapping  : Patterns [/webjars/**, /**] in 'resourceHandlerMapping'
2019-02-14 03:40:14.570 DEBUG 29972 --- [main] .m.m.a.ExceptionHandlerExceptionResolver : ControllerAdvice beans: 0 @ExceptionHandler, 1 ResponseBodyAdvice
2019-02-14 03:40:14.591  WARN 29972 --- [main] ion$DefaultTemplateResolverConfiguration : Cannot find template location: classpath:/templates/ (please add some templates or check your Thymeleaf configuration)
2019-02-14 03:40:14.638  INFO 29972 --- [main] com.zaxxer.hikari.HikariDataSource       : HikariPool-1 - Starting...
2019-02-14 03:40:14.698  INFO 29972 --- [main] com.zaxxer.hikari.HikariDataSource       : HikariPool-1 - Start completed.
2019-02-14 03:40:15.197  INFO 29972 --- [main] o.s.b.w.embedded.tomcat.TomcatWebServer  : Tomcat started on port(s): 8080 (http) with context path ''
2019-02-14 03:40:15.201  INFO 29972 --- [main] com.example.demo.DemoApplication         : Started DemoApplication in 3.032 seconds (JVM running for 3.866)
2019-02-14 03:42:24.744  INFO 29972 --- [Thread-3] com.zaxxer.hikari.HikariDataSource       : HikariPool-1 - Shutdown initiated...
2019-02-14 03:42:24.749  INFO 29972 --- [Thread-3] com.zaxxer.hikari.HikariDataSource       : HikariPool-1 - Shutdown completed.
2019-02-14 03:42:24.750  INFO 29972 --- [Thread-3] o.s.s.concurrent.ThreadPoolTaskExecutor  : Shutting down ExecutorService 'applicationTaskExecutor'
2019-02-14 03:42:27.149  INFO 30194 --- [main] com.example.demo.DemoApplication         : Starting DemoApplication on helei-hI with PID 30194 (/home/oracle/Documents/demo001/target/classes started by oracal in /home/oracle/Documents/demo001)
2019-02-14 03:42:27.153  INFO 30194 --- [main] com.example.demo.DemoApplication         : No active profile set, falling back to default profiles: default
2019-02-14 03:42:28.155  INFO 30194 --- [main] .s.d.r.c.RepositoryConfigurationDelegate : Multiple Spring Data modules found, entering strict repository configuration mode!
2019-02-14 03:42:28.157  INFO 30194 --- [main] .s.d.r.c.RepositoryConfigurationDelegate : Bootstrapping Spring Data repositories in DEFAULT mode.
2019-02-14 03:42:28.176  INFO 30194 --- [main] .s.d.r.c.RepositoryConfigurationDelegate : Finished Spring Data repository scanning in 7ms. Found 0 repository interfaces.
2019-02-14 03:42:28.460  INFO 30194 --- [main] trationDelegate$BeanPostProcessorChecker : Bean 'org.springframework.transaction.annotation.ProxyTransactionManagementConfiguration' of type [org.springframework.transaction.annotation.ProxyTransactionManagementConfiguration$$EnhancerBySpringCGLIB$$d93d708] is not eligible for getting processed by all BeanPostProcessors (for example: not eligible for auto-proxying)
2019-02-14 03:42:28.723  INFO 30194 --- [main] o.s.b.w.embedded.tomcat.TomcatWebServer  : Tomcat initialized with port(s): 8080 (http)
2019-02-14 03:42:28.747  INFO 30194 --- [main] o.apache.catalina.core.StandardService   : Starting service [Tomcat]
2019-02-14 03:42:28.748  INFO 30194 --- [main] org.apache.catalina.core.StandardEngine  : Starting Servlet engine: [Apache Tomcat/9.0.14]
2019-02-14 03:42:28.753  INFO 30194 --- [main] o.a.catalina.core.AprLifecycleListener   : The APR based Apache Tomcat Native library which allows optimal performance in production environments was not found on the java.library.path: [/usr/java/packages/lib:/usr/lib64:/lib64:/lib:/usr/lib]
2019-02-14 03:42:28.819  INFO 30194 --- [main] o.a.c.c.C.[Tomcat].[localhost].[/]       : Initializing Spring embedded WebApplicationContext
2019-02-14 03:42:28.819 DEBUG 30194 --- [main] o.s.web.context.ContextLoader            : Published root WebApplicationContext as ServletContext attribute with name [org.springframework.web.context.WebApplicationContext.ROOT]
2019-02-14 03:42:28.820  INFO 30194 --- [main] o.s.web.context.ContextLoader            : Root WebApplicationContext: initialization completed in 1606 ms
2019-02-14 03:42:28.913 DEBUG 30194 --- [main] o.s.w.s.handler.SimpleUrlHandlerMapping  : Patterns [/**/favicon.ico] in 'faviconHandlerMapping'
2019-02-14 03:42:29.070  INFO 30194 --- [main] o.s.s.concurrent.ThreadPoolTaskExecutor  : Initializing ExecutorService 'applicationTaskExecutor'
2019-02-14 03:42:29.084 DEBUG 30194 --- [main] s.w.s.m.m.a.RequestMappingHandlerAdapter : ControllerAdvice beans: 0 @ModelAttribute, 0 @InitBinder, 1 RequestBodyAdvice, 1 ResponseBodyAdvice
2019-02-14 03:42:29.123 DEBUG 30194 --- [main] s.w.s.m.m.a.RequestMappingHandlerMapping : 3 mappings in 'requestMappingHandlerMapping'
2019-02-14 03:42:29.133 DEBUG 30194 --- [main] o.s.w.s.handler.SimpleUrlHandlerMapping  : Patterns [/webjars/**, /**] in 'resourceHandlerMapping'
2019-02-14 03:42:29.141 DEBUG 30194 --- [main] .m.m.a.ExceptionHandlerExceptionResolver : ControllerAdvice beans: 0 @ExceptionHandler, 1 ResponseBodyAdvice
2019-02-14 03:42:29.166  WARN 30194 --- [main] ion$DefaultTemplateResolverConfiguration : Cannot find template location: classpath:/templates/ (please add some templates or check your Thymeleaf configuration)
2019-02-14 03:42:29.225  INFO 30194 --- [main] com.zaxxer.hikari.HikariDataSource       : HikariPool-1 - Starting...
2019-02-14 03:42:29.308  INFO 30194 --- [main] com.zaxxer.hikari.HikariDataSource       : HikariPool-1 - Start completed.
2019-02-14 03:42:29.854  INFO 30194 --- [main] o.s.b.w.embedded.tomcat.TomcatWebServer  : Tomcat started on port(s): 8080 (http) with context path ''
2019-02-14 03:42:29.858  INFO 30194 --- [main] com.example.demo.DemoApplication         : Started DemoApplication in 3.209 seconds (JVM running for 4.001)
2019-02-14 03:45:11.699  INFO 30194 --- [http-nio-8080-exec-2] o.a.c.c.C.[Tomcat].[localhost].[/]       : Initializing Spring DispatcherServlet 'dispatcherServlet'
2019-02-14 03:45:11.700  INFO 30194 --- [http-nio-8080-exec-2] o.s.web.servlet.DispatcherServlet        : Initializing Servlet 'dispatcherServlet'
2019-02-14 03:45:11.700 DEBUG 30194 --- [http-nio-8080-exec-2] o.s.web.servlet.DispatcherServlet        : Detected StandardServletMultipartResolver
2019-02-14 03:45:11.714 DEBUG 30194 --- [http-nio-8080-exec-2] o.s.web.servlet.DispatcherServlet        : enableLoggingRequestDetails='false': request parameters and headers will be masked to prevent unsafe logging of potentially sensitive data
2019-02-14 03:45:11.714  INFO 30194 --- [http-nio-8080-exec-2] o.s.web.servlet.DispatcherServlet        : Completed initialization in 14 ms
2019-02-14 03:45:11.717 DEBUG 30194 --- [http-nio-8080-exec-2] o.s.web.servlet.DispatcherServlet        : GET "/hello/h2-console", parameters={}
2019-02-14 03:45:11.727 DEBUG 30194 --- [http-nio-8080-exec-2] o.s.w.s.handler.SimpleUrlHandlerMapping  : Mapped to ResourceHttpRequestHandler ["classpath:/META-INF/resources/", "classpath:/resources/", "classpath:/static/", "classpath:/public/", "/"]
2019-02-14 03:45:11.730 DEBUG 30194 --- [http-nio-8080-exec-2] o.s.w.s.r.ResourceHttpRequestHandler     : Resource not found
2019-02-14 03:45:11.730 DEBUG 30194 --- [http-nio-8080-exec-2] o.s.web.servlet.DispatcherServlet        : Completed 404 NOT_FOUND
2019-02-14 03:45:11.737 DEBUG 30194 --- [http-nio-8080-exec-2] o.s.web.servlet.DispatcherServlet        : "ERROR" dispatch for GET "/error", parameters={}
2019-02-14 03:45:11.741 DEBUG 30194 --- [http-nio-8080-exec-2] s.w.s.m.m.a.RequestMappingHandlerMapping : Mapped to public org.springframework.web.servlet.ModelAndView org.springframework.boot.autoconfigure.web.servlet.error.BasicErrorController.errorHtml(javax.servlet.http.HttpServletRequest,javax.servlet.http.HttpServletResponse)
2019-02-14 03:45:11.760 DEBUG 30194 --- [http-nio-8080-exec-2] o.s.w.s.v.ContentNegotiatingViewResolver : Selected 'text/html' given [text/html, text/html;q=0.8]
2019-02-14 03:45:11.764 DEBUG 30194 --- [http-nio-8080-exec-2] o.s.web.servlet.DispatcherServlet        : Exiting from "ERROR" dispatch, status 404
2019-02-14 03:45:11.819 DEBUG 30194 --- [http-nio-8080-exec-3] o.s.web.servlet.DispatcherServlet        : GET "/favicon.ico", parameters={}
2019-02-14 03:45:11.819 DEBUG 30194 --- [http-nio-8080-exec-3] o.s.w.s.handler.SimpleUrlHandlerMapping  : Mapped to ResourceHttpRequestHandler [class path resource [META-INF/resources/], class path resource [resources/], class path resource [static/], class path resource [public/], ServletContext resource [/], class path resource []]
2019-02-14 03:45:11.845 DEBUG 30194 --- [http-nio-8080-exec-3] o.s.web.servlet.DispatcherServlet        : Completed 200 OK
2019-02-14 04:14:47.044 DEBUG 30194 --- [http-nio-8080-exec-6] o.s.web.servlet.DispatcherServlet        : GET "/favicon.ico", parameters={}
2019-02-14 04:14:47.069 DEBUG 30194 --- [http-nio-8080-exec-6] o.s.w.s.handler.SimpleUrlHandlerMapping  : Mapped to ResourceHttpRequestHandler [class path resource [META-INF/resources/], class path resource [resources/], class path resource [static/], class path resource [public/], ServletContext resource [/], class path resource []]
2019-02-14 04:14:47.128 DEBUG 30194 --- [http-nio-8080-exec-6] o.s.web.servlet.DispatcherServlet        : Completed 200 OK
2019-02-14 04:15:24.727  INFO 30194 --- [Thread-3] com.zaxxer.hikari.HikariDataSource       : HikariPool-1 - Shutdown initiated...
2019-02-14 04:15:24.730  INFO 30194 --- [Thread-3] com.zaxxer.hikari.HikariDataSource       : HikariPool-1 - Shutdown completed.
2019-02-14 04:15:24.731  INFO 30194 --- [Thread-3] o.s.s.concurrent.ThreadPoolTaskExecutor  : Shutting down ExecutorService 'applicationTaskExecutor'
2019-02-14 04:15:27.755  INFO 556 --- [main] com.example.demo.DemoApplication         : Starting DemoApplication on helei-hI with PID 556 (/home/oracle/Documents/demo001/target/classes started by oracal in /home/oracle/Documents/demo001)
2019-02-14 04:15:27.765  INFO 556 --- [main] com.example.demo.DemoApplication         : No active profile set, falling back to default profiles: default
2019-02-14 04:15:28.685  INFO 556 --- [main] .s.d.r.c.RepositoryConfigurationDelegate : Multiple Spring Data modules found, entering strict repository configuration mode!
2019-02-14 04:15:28.687  INFO 556 --- [main] .s.d.r.c.RepositoryConfigurationDelegate : Bootstrapping Spring Data repositories in DEFAULT mode.
2019-02-14 04:15:28.704  INFO 556 --- [main] .s.d.r.c.RepositoryConfigurationDelegate : Finished Spring Data repository scanning in 6ms. Found 0 repository interfaces.
2019-02-14 04:15:29.026  INFO 556 --- [main] trationDelegate$BeanPostProcessorChecker : Bean 'org.springframework.transaction.annotation.ProxyTransactionManagementConfiguration' of type [org.springframework.transaction.annotation.ProxyTransactionManagementConfiguration$$EnhancerBySpringCGLIB$$e7a8c8a] is not eligible for getting processed by all BeanPostProcessors (for example: not eligible for auto-proxying)
2019-02-14 04:15:29.308  INFO 556 --- [main] o.s.b.w.embedded.tomcat.TomcatWebServer  : Tomcat initialized with port(s): 8080 (http)
2019-02-14 04:15:29.331  INFO 556 --- [main] o.apache.catalina.core.StandardService   : Starting service [Tomcat]
2019-02-14 04:15:29.332  INFO 556 --- [main] org.apache.catalina.core.StandardEngine  : Starting Servlet engine: [Apache Tomcat/9.0.14]
2019-02-14 04:15:29.338  INFO 556 --- [main] o.a.catalina.core.AprLifecycleListener   : The APR based Apache Tomcat Native library which allows optimal performance in production environments was not found on the java.library.path: [/usr/java/packages/lib:/usr/lib64:/lib64:/lib:/usr/lib]
2019-02-14 04:15:29.404  INFO 556 --- [main] o.a.c.c.C.[Tomcat].[localhost].[/]       : Initializing Spring embedded WebApplicationContext
2019-02-14 04:15:29.404 DEBUG 556 --- [main] o.s.web.context.ContextLoader            : Published root WebApplicationContext as ServletContext attribute with name [org.springframework.web.context.WebApplicationContext.ROOT]
2019-02-14 04:15:29.404  INFO 556 --- [main] o.s.web.context.ContextLoader            : Root WebApplicationContext: initialization completed in 1599 ms
2019-02-14 04:15:29.507 DEBUG 556 --- [main] o.s.w.s.handler.SimpleUrlHandlerMapping  : Patterns [/**/favicon.ico] in 'faviconHandlerMapping'
2019-02-14 04:15:29.662  INFO 556 --- [main] o.s.s.concurrent.ThreadPoolTaskExecutor  : Initializing ExecutorService 'applicationTaskExecutor'
2019-02-14 04:15:29.675 DEBUG 556 --- [main] s.w.s.m.m.a.RequestMappingHandlerAdapter : ControllerAdvice beans: 0 @ModelAttribute, 0 @InitBinder, 1 RequestBodyAdvice, 1 ResponseBodyAdvice
2019-02-14 04:15:29.711 DEBUG 556 --- [main] s.w.s.m.m.a.RequestMappingHandlerMapping : 3 mappings in 'requestMappingHandlerMapping'
2019-02-14 04:15:29.723 DEBUG 556 --- [main] o.s.w.s.handler.SimpleUrlHandlerMapping  : Patterns [/webjars/**, /**] in 'resourceHandlerMapping'
2019-02-14 04:15:29.733 DEBUG 556 --- [main] .m.m.a.ExceptionHandlerExceptionResolver : ControllerAdvice beans: 0 @ExceptionHandler, 1 ResponseBodyAdvice
2019-02-14 04:15:29.755  WARN 556 --- [main] ion$DefaultTemplateResolverConfiguration : Cannot find template location: classpath:/templates/ (please add some templates or check your Thymeleaf configuration)
2019-02-14 04:15:29.815  INFO 556 --- [main] com.zaxxer.hikari.HikariDataSource       : HikariPool-1 - Starting...
2019-02-14 04:15:29.887  INFO 556 --- [main] com.zaxxer.hikari.HikariDataSource       : HikariPool-1 - Start completed.
2019-02-14 04:15:30.402  INFO 556 --- [main] o.s.b.w.embedded.tomcat.TomcatWebServer  : Tomcat started on port(s): 8080 (http) with context path ''
2019-02-14 04:15:30.406  INFO 556 --- [main] com.example.demo.DemoApplication         : Started DemoApplication in 3.142 seconds (JVM running for 3.938)
2019-02-14 06:30:03.741  INFO 556 --- [Thread-3] com.zaxxer.hikari.HikariDataSource       : HikariPool-1 - Shutdown initiated...
2019-02-14 06:30:03.949  INFO 556 --- [Thread-3] com.zaxxer.hikari.HikariDataSource       : HikariPool-1 - Shutdown completed.
2019-02-14 06:30:03.951  INFO 556 --- [Thread-3] o.s.s.concurrent.ThreadPoolTaskExecutor  : Shutting down ExecutorService 'applicationTaskExecutor'
